2025-08-08 05:18:33 [main] ERROR proyect.service.DataManager - Error loading data: null
2025-08-08 05:18:33 [main] INFO  proyect.service.ProfileService - Profiles loaded: 0
2025-08-08 05:18:33 [main] ERROR proyect.service.DataManager - Error reading history: null
2025-08-08 05:18:48 [main] INFO  proyect.service.ProfileService - Profile created: af112b73-d743-487e-8352-a35857fa31ca - Santiago
2025-08-08 05:19:09 [main] INFO  proyect.service.PlaylistService - Playlist created: ebd06d18-14cd-4c2a-bf69-cabc1cbf0d52 in profile af112b73-d743-487e-8352-a35857fa31ca
2025-08-08 05:20:13 [main] ERROR proyect.MainMenu - Error adding song: Invalid UUID string: 0
2025-08-08 05:22:17 [main] WARN  proyect.MainMenu - Playlist not found: af112b73-d743-487e-8352-a35857fa31ca
2025-08-08 05:23:02 [main] INFO  proyect.service.PlaylistService - songs loaded from C:\Users\SoySp\OneDrive\Escritorio\University\Data Structure\Soundcloud\src\main\resources\songs.txt a playlist ebd06d18-14cd-4c2a-bf69-cabc1cbf0d52
2025-08-08 05:26:43 [main] ERROR proyect.service.DataManager - Error saving data: org.apache.logging.log4j.core.Logger
2025-08-08 05:29:58 [main] INFO  proyect.service.PlaybackQueueService - Encolada: Bohemian Rhapsody
2025-08-08 05:29:58 [main] INFO  proyect.service.PlaybackQueueService - Encolada: Shape of You
2025-08-08 05:29:58 [main] INFO  proyect.service.PlaybackQueueService - Encolada: Billie Jean
2025-08-08 05:29:58 [main] INFO  proyect.service.PlaybackQueueService - Encolada: Hotel California
2025-08-08 05:29:58 [main] INFO  proyect.service.PlaybackQueueService - Encolada: Smells Like Teen Spirit
2025-08-08 05:29:58 [main] INFO  proyect.service.PlaybackQueueService - Encolada: Rolling in the Deep
2025-08-08 05:30:02 [main] INFO  proyect.service.PlaybackQueueService - playing (playAll): Bohemian Rhapsody
2025-08-08 05:30:02 [main] INFO  proyect.service.PlaybackQueueService - opening browser: https://www.youtube.com/watch?v=fJ9rUzIMcZQ
2025-08-08 05:30:02 [main] INFO  proyect.service.PlaybackQueueService - playing (playAll): Shape of You
2025-08-08 05:30:02 [main] INFO  proyect.service.PlaybackQueueService - opening browser: https://www.youtube.com/watch?v=JGwWNGJdvx8
2025-08-08 05:30:02 [main] INFO  proyect.service.PlaybackQueueService - playing (playAll): Billie Jean
2025-08-08 05:30:02 [main] INFO  proyect.service.PlaybackQueueService - opening browser: https://www.youtube.com/watch?v=Zi_XLOBDo_Y
2025-08-08 05:30:02 [main] INFO  proyect.service.PlaybackQueueService - playing (playAll): Hotel California
2025-08-08 05:30:02 [main] INFO  proyect.service.PlaybackQueueService - opening browser: https://www.youtube.com/watch?v=EqPtz5qN7HM
2025-08-08 05:30:02 [main] INFO  proyect.service.PlaybackQueueService - playing (playAll): Smells Like Teen Spirit
2025-08-08 05:30:02 [main] INFO  proyect.service.PlaybackQueueService - opening browser: https://www.youtube.com/watch?v=hTWKbfoikeg
2025-08-08 05:30:02 [main] INFO  proyect.service.PlaybackQueueService - playing (playAll): Rolling in the Deep
2025-08-08 05:30:03 [main] INFO  proyect.service.PlaybackQueueService - opening browser: https://www.youtube.com/watch?v=rYEDA3JcQqw
2025-08-08 05:33:05 [main] INFO  proyect.service.PlaybackQueueService - Encolada: Bohemian Rhapsody
2025-08-08 05:33:05 [main] INFO  proyect.service.PlaybackQueueService - Encolada: Shape of You
2025-08-08 05:33:05 [main] INFO  proyect.service.PlaybackQueueService - Encolada: Billie Jean
2025-08-08 05:33:05 [main] INFO  proyect.service.PlaybackQueueService - Encolada: Hotel California
2025-08-08 05:33:05 [main] INFO  proyect.service.PlaybackQueueService - Encolada: Smells Like Teen Spirit
2025-08-08 05:33:05 [main] INFO  proyect.service.PlaybackQueueService - Encolada: Rolling in the Deep
2025-08-08 05:33:16 [main] INFO  proyect.service.PlaybackQueueService - playing (playAll): Bohemian Rhapsody
2025-08-08 05:33:16 [main] INFO  proyect.service.PlaybackQueueService - opening browser: https://www.youtube.com/watch?v=fJ9rUzIMcZQ
2025-08-08 05:33:16 [main] INFO  proyect.service.PlaybackQueueService - playing (playAll): Shape of You
2025-08-08 05:33:16 [main] INFO  proyect.service.PlaybackQueueService - opening browser: https://www.youtube.com/watch?v=JGwWNGJdvx8
2025-08-08 05:33:16 [main] INFO  proyect.service.PlaybackQueueService - playing (playAll): Billie Jean
2025-08-08 05:33:16 [main] INFO  proyect.service.PlaybackQueueService - opening browser: https://www.youtube.com/watch?v=Zi_XLOBDo_Y
2025-08-08 05:33:16 [main] INFO  proyect.service.PlaybackQueueService - playing (playAll): Hotel California
2025-08-08 05:33:16 [main] INFO  proyect.service.PlaybackQueueService - opening browser: https://www.youtube.com/watch?v=EqPtz5qN7HM
2025-08-08 05:33:16 [main] INFO  proyect.service.PlaybackQueueService - playing (playAll): Smells Like Teen Spirit
2025-08-08 05:33:16 [main] INFO  proyect.service.PlaybackQueueService - opening browser: https://www.youtube.com/watch?v=hTWKbfoikeg
2025-08-08 05:33:16 [main] INFO  proyect.service.PlaybackQueueService - playing (playAll): Rolling in the Deep
2025-08-08 05:33:17 [main] INFO  proyect.service.PlaybackQueueService - opening browser: https://www.youtube.com/watch?v=rYEDA3JcQqw
2025-08-08 05:40:01 [main] ERROR proyect.service.DataManager - Error loading data: writing aborted; java.io.NotSerializableException: org.apache.logging.log4j.core.Logger
2025-08-08 05:40:01 [main] INFO  proyect.service.ProfileService - Profiles loaded: 0
2025-08-08 05:40:01 [main] ERROR proyect.service.DataManager - Error reading history: writing aborted; java.io.NotSerializableException: org.apache.logging.log4j.core.Logger
2025-08-08 05:41:09 [main] INFO  proyect.service.ProfileService - Profile created: c13d3a77-17f8-41ac-b489-28f2efd2c1fa - Santiago
2025-08-08 05:42:29 [main] INFO  proyect.service.PlaylistService - Playlist created: 730aa550-3ee3-4f6a-86c7-fc637fdcbc14 in profile c13d3a77-17f8-41ac-b489-28f2efd2c1fa
2025-08-08 05:42:39 [main] INFO  proyect.service.PlaylistService - Playlist created: 78318f48-0f64-4a72-a775-3da84370020f in profile c13d3a77-17f8-41ac-b489-28f2efd2c1fa
2025-08-08 05:43:09 [main] INFO  proyect.service.PlaylistService - songs loaded from C:\Users\SoySp\OneDrive\Escritorio\University\Data Structure\Soundcloud\src\main\resources\songs.txt a playlist 78318f48-0f64-4a72-a775-3da84370020f
2025-08-08 05:43:50 [main] INFO  proyect.service.PlaybackQueueService - Encolada: Bohemian Rhapsody
2025-08-08 05:43:50 [main] INFO  proyect.service.PlaybackQueueService - Encolada: Shape of You
2025-08-08 05:43:50 [main] INFO  proyect.service.PlaybackQueueService - Encolada: Billie Jean
2025-08-08 05:43:50 [main] INFO  proyect.service.PlaybackQueueService - Encolada: Hotel California
2025-08-08 05:43:50 [main] INFO  proyect.service.PlaybackQueueService - Encolada: Smells Like Teen Spirit
2025-08-08 05:43:50 [main] INFO  proyect.service.PlaybackQueueService - Encolada: Rolling in the Deep
2025-08-08 05:43:52 [main] INFO  proyect.service.PlaybackQueueService - playing (playAll): Bohemian Rhapsody
2025-08-08 05:43:53 [main] INFO  proyect.service.PlaybackQueueService - Opening browser: https://www.youtube.com/watch?v=fJ9rUzIMcZQ
2025-08-08 05:49:26 [main] INFO  proyect.service.PlaybackQueueService - playing (playAll): Shape of You
2025-08-08 05:49:26 [main] INFO  proyect.service.PlaybackQueueService - Opening browser: https://www.youtube.com/watch?v=JGwWNGJdvx8
2025-08-08 05:51:32 [main] ERROR proyect.service.DataManager - Error loading data: writing aborted; java.io.NotSerializableException: org.apache.logging.log4j.core.Logger
2025-08-08 05:51:32 [main] INFO  proyect.service.ProfileService - Profiles loaded: 0
2025-08-08 05:51:32 [main] ERROR proyect.service.DataManager - Error reading history: writing aborted; java.io.NotSerializableException: org.apache.logging.log4j.core.Logger
2025-08-08 05:52:05 [main] INFO  proyect.service.ProfileService - Profile created: 9c50cf7b-ee96-49ff-a744-ce8c7e6dce3c - Santiago
2025-08-08 05:52:18 [main] INFO  proyect.service.PlaylistService - Playlist created: 8698526e-17da-4935-a5c9-847210e2c83a in profile 9c50cf7b-ee96-49ff-a744-ce8c7e6dce3c
2025-08-08 05:53:00 [main] INFO  proyect.service.PlaylistService - songs loaded from C:\Users\SoySp\OneDrive\Escritorio\University\Data Structure\Soundcloud\src\main\resources\songs.txt a playlist 8698526e-17da-4935-a5c9-847210e2c83a
2025-08-08 05:53:20 [main] INFO  proyect.service.PlaybackQueueService - Encolada: Bohemian Rhapsody
2025-08-08 05:53:20 [main] INFO  proyect.service.PlaybackQueueService - Encolada: Don't Stop Me Now
2025-08-08 05:53:20 [main] INFO  proyect.service.PlaybackQueueService - Encolada: Another One Bites The Dust
2025-08-08 05:53:20 [main] INFO  proyect.service.PlaybackQueueService - Encolada: We Will Rock You
2025-08-08 05:53:20 [main] INFO  proyect.service.PlaybackQueueService - Encolada: Radio Ga Ga
2025-08-08 05:53:27 [main] INFO  proyect.service.PlaybackQueueService - playing (playAll): Bohemian Rhapsody
2025-08-08 05:53:28 [main] INFO  proyect.service.PlaybackQueueService - Opening browser: https://www.youtube.com/watch?v=fJ9rUzIMcZQ
2025-08-08 05:53:34 [main] INFO  proyect.service.PlaybackQueueService - playing (playAll): Don't Stop Me Now
2025-08-08 05:53:34 [main] INFO  proyect.service.PlaybackQueueService - Opening browser: https://www.youtube.com/watch?v=HgzGwKwLmgM
2025-08-08 05:56:54 [main] INFO  proyect.service.PlaybackQueueService - playing (playAll): Another One Bites The Dust
2025-08-08 05:56:54 [main] INFO  proyect.service.PlaybackQueueService - Opening browser: https://www.youtube.com/watch?v=rY0WxgSXdEE
2025-08-08 06:58:47 [Test worker] INFO  proyect.service.ProfileService - Profile created: 2ee4034c-491c-4ebe-85b8-3407fe04e0b2 - User1
2025-08-08 06:58:47 [Test worker] INFO  proyect.service.ProfileService - Profile created: 334ed95b-d0ba-4e6d-a43e-a1caf139fde7 - User2
2025-08-08 06:58:47 [Test worker] INFO  proyect.service.ProfileService - Profile created: bcce4e69-9923-4df1-ab45-886f81b41854 - User5
2025-08-08 06:58:47 [Test worker] INFO  proyect.service.PlaylistService - Playlist created: 1a502baa-af58-4487-b0b9-dabdcefac4fd in profile bcce4e69-9923-4df1-ab45-886f81b41854
2025-08-08 06:58:47 [Test worker] INFO  proyect.service.PlaylistService - song added to playlist 1a502baa-af58-4487-b0b9-dabdcefac4fd -> Song1
2025-08-08 06:58:47 [Test worker] INFO  proyect.service.PlaybackQueueService - Encolada: Song1
2025-08-08 06:58:47 [Test worker] INFO  proyect.service.PlaybackQueueService - Encolada: Song2
2025-08-08 06:58:47 [Test worker] INFO  proyect.service.PlaybackQueueService - Playing: Song1
2025-08-08 06:58:47 [Test worker] WARN  proyect.service.PlaybackQueueService - Not valid URL: https://example.com/1
2025-08-08 06:58:47 [Test worker] INFO  proyect.service.ProfileService - Profile created: 70642198-75da-4773-8033-c8d73c914f07 - User4
2025-08-08 06:58:47 [Test worker] INFO  proyect.service.PlaylistService - Playlist created: 42661332-a9a7-42a8-ac03-0e95cba26dbd in profile 70642198-75da-4773-8033-c8d73c914f07
2025-08-08 06:58:47 [Test worker] ERROR proyect.service.PlaylistService - Error loading file: resources\songs.txt
2025-08-08 06:58:47 [Test worker] INFO  proyect.service.ProfileService - Profile created: c8fb98d5-3f49-4514-aad7-d41f6d33b5d8 - User3
2025-08-08 06:58:47 [Test worker] INFO  proyect.service.PlaylistService - Playlist created: ce196d03-a4e4-4549-a178-80752cd1f822 in profile c8fb98d5-3f49-4514-aad7-d41f6d33b5d8
2025-08-08 06:58:47 [Test worker] INFO  proyect.service.PlaybackQueueService - Encolada: Song3
2025-08-08 06:58:47 [Test worker] INFO  proyect.service.PlaybackQueueService - Playing: Song3
2025-08-08 06:58:47 [Test worker] WARN  proyect.service.PlaybackQueueService - Not valid URL: https://example.com/3
2025-08-08 07:01:31 [Test worker] INFO  proyect.service.ProfileService - Profile created: 9940c92e-717a-4609-b0be-96205789920f - User1
2025-08-08 07:01:31 [Test worker] INFO  proyect.service.ProfileService - Profile created: ec2aa4a6-b9c0-46cd-8057-597971f7a973 - User2
2025-08-08 07:01:31 [Test worker] INFO  proyect.service.ProfileService - Profile created: d9b7c286-51ce-48a1-8302-3b8b9d1eace8 - User5
2025-08-08 07:01:31 [Test worker] INFO  proyect.service.PlaylistService - Playlist created: d6c2b68c-4b01-492b-aaf9-3f6a98b585ea in profile d9b7c286-51ce-48a1-8302-3b8b9d1eace8
2025-08-08 07:01:31 [Test worker] INFO  proyect.service.PlaylistService - song added to playlist d6c2b68c-4b01-492b-aaf9-3f6a98b585ea -> Song1
2025-08-08 07:01:31 [Test worker] INFO  proyect.service.PlaybackQueueService - Encolada: Song1
2025-08-08 07:01:31 [Test worker] INFO  proyect.service.PlaybackQueueService - Encolada: Song2
2025-08-08 07:01:31 [Test worker] INFO  proyect.service.PlaybackQueueService - Playing: Song1
2025-08-08 07:01:31 [Test worker] WARN  proyect.service.PlaybackQueueService - Not valid URL: https://example.com/1
2025-08-08 07:01:31 [Test worker] INFO  proyect.service.ProfileService - Profile created: 55ba1fb1-8fc9-4f0d-9b94-f4632fe86a11 - User3
2025-08-08 07:01:31 [Test worker] INFO  proyect.service.PlaylistService - Playlist created: bf806ffe-59bd-41fa-81c3-22f51849d353 in profile 55ba1fb1-8fc9-4f0d-9b94-f4632fe86a11
2025-08-08 07:01:31 [Test worker] INFO  proyect.service.PlaybackQueueService - Encolada: Song3
2025-08-08 07:01:31 [Test worker] INFO  proyect.service.PlaybackQueueService - Playing: Song3
2025-08-08 07:01:31 [Test worker] WARN  proyect.service.PlaybackQueueService - Not valid URL: https://example.com/3
